<?xml version="1.0" encoding="UTF-8"?>
<!-- Generated by org.testng.reporters.JUnitReportReporter -->
<testsuite hostname="admin-PC" name="spkm.SPK" tests="1" failures="0" timestamp="21 Aug 2016 07:11:40 GMT" time="31.134" errors="0">
  <testcase name="main" time="31.134" classname="spkm.SPK"/>
</testsuite> <!-- spkm.SPK -->
