<?xml version="1.0" encoding="UTF-8"?>
<!-- Generated by org.testng.reporters.JUnitReportReporter -->
<testsuite hostname="admin-PC" name="spkm.SPK" tests="1" failures="0" timestamp="20 Aug 2016 13:00:09 GMT" time="17.880" errors="0">
  <testcase name="main" time="17.880" classname="spkm.SPK"/>
</testsuite> <!-- spkm.SPK -->
